<?xml version="1.0" encoding="UTF-8"?>
<!-- Generated by org.testng.reporters.JUnitReportReporter -->
<testsuite hostname="selvakumarsMini" failures="0" tests="4" name="com.testcases.LoginPageTest" time="35.812" errors="0" timestamp="2024-01-24T23:41:21 GMT" skipped="0">
  <testcase classname="com.testcases.LoginPageTest" name="verifyInValidLogin" time="3.624"/>
  <system-out/>
  <testcase classname="com.testcases.LoginPageTest" name="verifyLogin" time="23.725"/>
  <system-out/>
  <testcase classname="com.testcases.LoginPageTest" name="verifyLogin" time="4.906"/>
  <system-out/>
  <testcase classname="com.testcases.LoginPageTest" name="verifyValidLogin" time="3.557"/>
  <system-out/>
</testsuite> <!-- com.testcases.LoginPageTest -->
